cat 27ebb81d-e099-4de1-99c7-7b237352ddfd.txt
TIMESTAMP|QUEUE_TIME_MS|PROCESS_TIME_MS|PROCESSOR_UUID|PROCESSOR_NAME|COMPONENT|RELATIONSHIP|PG_UUID|PG_NAME|LOG
2025-12-23 14:00:03,607|1|960|845c1cab|Pull Check Max Request|CJMS|success|77eab0c0|Check Max|Filename: 27ebb81d-e099-4de1-99c7-7b237352ddfd | MTNA - Core Operations & Management > Checks and Validate > Check Max | ISL-CORE.CHECK_MAX_V5_REQ.TA - Request: ReqMsg{id=5BD9C8B7EC9C4B029E0A8B3D571BC5BF, name=CHECK_MAX_V5_REQ, dataObject=String%5B50%5D,trxTypeId=1,instanceId=11000101,companyId=1,username=mirnawc,createdDateTime=Tue Dec 23 14:00:03 ICT 2025,locale=EN,map=StringObjectMap%5BIDTYPE = 1, TRXTYPEID = 1, SOURCE_FLAG = IN_FLOW, NIC_REGISTRATION_NUMBER = 243-123-123, NIC_PROVINCE = Baghlan, CHK_MAX_TYPE = SUBSCRIBER, IDNUMBER = 243-123-123, %5D ,state=PENDING - MPOS,retries=0,localId=0,enableWhiteList=true,checkOccupied=false,smsCount=0,appActionId=100061%5D, datum=null}
2025-12-23 14:00:03,648|15|0|fb6592da|POJO or JSON?|ROA|POJO|d0646a03|Inspect Request|
2025-12-23 14:00:03,668|20|0|addfa401|ReqMsg to JSON|PTJ|success|d0646a03|Inspect Request|
2025-12-23 14:00:03,692|24|0|91d1b8a2|Store Request Data in Attributes|EJP|matched|d0646a03|Inspect Request|
2025-12-23 14:00:03,712|20|0|1ac4a291|Validate Request|ROA|matched|d0646a03|Inspect Request|
2025-12-23 14:00:03,721|9|0|65fec2a2|Convert Arabic to English|EGS|success|d0646a03|Inspect Request|
2025-12-23 14:00:03,756|14|0|94a27305|ISL or External Check Max?|ROA|External Check Max|77eab0c0|Check Max|
2025-12-23 14:00:03,801|4|0|a48f1ca6|Required to append nic province?|ROA|matched|63531335|Process Id number|
2025-12-23 14:00:03,828|27|0|8a17a943|Find Nic Province mapping|ESQLR|pre|63531335|Process Id number|
2025-12-23 14:00:03,832|31|4|8a17a943|Find Nic Province mapping|ESQLR|success|63531335|Process Id number|
2025-12-23 14:00:03,845|12|0|722d436a|Update Id number|UA|success|63531335|Process Id number|
2025-12-23 14:00:03,878|14|0|09ef3faa|Prepare Request|RT|success|e66d8b3d|Call External Check Max  API|
2025-12-23 14:00:03,910|0|920|482d58a3|Listen to CORE Request|CJMS|success|fc960195|Check Max|Filename: 9361e695-395c-4486-b43f-533f9437d41e | MTNA - EAI, MM, USSD & Utility > MM > MM MTNA > Check Max | ISL-MM.CALL_CBS_API_CHECK_MAX.TA - Request: { "id" : "5BD9C8B7EC9C4B029E0A8B3D571BC5BF", "name" : "OSIA_CHECK_MAX_REQ", "dataObject" : { "trxId" : "5BD9C8B7EC9C4B029E0A8B3D571BC5BF", "instanceId" : "11000101", "trxTypeId" : "1", "map" : { "IDNUMBER" : "243-123-123-3", "IDTYPE" : "1", "FIRSTNAME" : "", "LASTNAME" : "", "DOB" : "", "EMAIL": "" } } }
2025-12-23 14:00:03,910|32|1|5673d983|Call MM|PJMS|pre|e66d8b3d|Call External Check Max  API|Filename: 27ebb81d-e099-4de1-99c7-7b237352ddfd | MTNA - Core Operations & Management > Checks and Validate > Check Max > Call External Check Max  API | ISL-CORE.CHECK_MAX_V5_REQ.TA - Request to :  'ISL-MM.CALL_CBS_API_CHECK_MAX.TA' :
2025-12-23 14:00:03,937|18|0|5b92603a|POJO or JSON ?|ROA|unmatched|99b24ca6|Inspect Request|
2025-12-23 14:00:03,940|2|0|a900d4dd|Store Request fields to Attributes|EJP|matched|99b24ca6|Inspect Request|
2025-12-23 14:00:03,959|19|0|13740ca8|Valid Request?|ROA|unmatched|99b24ca6|Inspect Request|
2025-12-23 14:00:03,977|18|0|9ccee4c7|Get Username & Password|UA|success|99b24ca6|Inspect Request|
2025-12-23 14:00:03,996|19|0|02776a49|Encode Username Password|EGS|success|99b24ca6|Inspect Request|
2025-12-23 14:00:04,035|18|0|67be57ba|Store Request fields to Attributes|UA|success|00d8dabb|Call to 3rd Party|
2025-12-23 14:00:04,037|2|0|200917b6|Map ID Type|ESQLR|pre|00d8dabb|Call to 3rd Party|
2025-12-23 14:00:04,044|9|7|200917b6|Map ID Type|ESQLR|success|00d8dabb|Call to 3rd Party|
2025-12-23 14:00:04,054|10|0|21a2e3e5|Prepare Xml to request |RT|success|00d8dabb|Call to 3rd Party|
2025-12-23 14:00:04,075|12|0|0e57f958|Set HTTP Method and URL|UA|success|9e1ef887|Invoke SOAP WS|
2025-12-23 14:00:04,087|12|0|156f4256|Call to Check Max API|IHTTP|pre|9e1ef887|Invoke SOAP WS|Filename: 9361e695-395c-4486-b43f-533f9437d41e | MTNA - EAI, MM, USSD & Utility > MM > MM MTNA > Check Max > Call to 3rd Party > Invoke SOAP WS | ISL-MM.CALL_CBS_API_CHECK_MAX.TA -URL: POST 'http://192.168.8.45:8087/mtna-ability/EaiEnvelopeSoapQSService' - Request: <?xml version="1.0" encoding="UTF-8"?> <soapenv:Envelope xmlns:soapenv="http://schemas.xmlsoap.org/soap/envelope/"> <soapenv:Header> <sch:authentication xmlns:sch="http://schema.concierge.com"> <sch:password>password</sch:password> <sch:user>user</sch:user> </sch:authentication> </soapenv:Header> <soapenv:Body> <sch:clientRequest xmlns:sch="http://schema.concierge.com"> <env:EaiEnvelope xmlns:env="http://schema.concierge.com/Envelope"> <env:ApplicationName>modules/ISL_MM</env:ApplicationName> <env:Domain>abl_portal</env:Domain> <env:Service>ISPService</env:Service> <env:ServiceId>3</env:ServiceId> <env:Language>En</env:Language> <env:UserId>externalapp</env:UserId> <env:Sender>externalapp</env:Sender> <env:MessageId>abl_portal</env:MessageId> <env:Payload> <isp:ISP xmlns:isp="http://schema.concierge.com/isp"> <isp:ISPRequest> <isp:OperationName>updateValidateDocumentsFlag</isp:OperationName> <isp:Request> <EVENT> <REQUEST API_CODE="51003" CLIENT_ID="modules/ISL_MM" EXTERNAL_APPLICATION="ISL" EXTERNAL_REFERENCE="" EXTERNAL_SYSTEMS_LOG_REFERNCE="" EXTERNAL_USER="ISL" INFO_LEVEL="3" OPERATION_NAME="ValidateDocumentsType" /> <REQUESTDETAILS ID_NUMBER="243-123-123-3" ID_TYPE="NIC" /> </EVENT> </isp:Request> </isp:ISPRequest> </isp:ISP> </env:Payload> </env:EaiEnvelope> </sch:clientRequest> </soapenv:Body> </soapenv:Envelope>
2025-12-23 14:00:04,098|10|0|191df6ef|LogContent(Strip Large Content)|LC|success|fd9de6ae|Save CRM_EXT_CALL_DATA|Filename: 9361e695-395c-4486-b43f-533f9437d41e | MTNA - EAI, MM, USSD & Utility > MM > MM MTNA > Check Max > Call to 3rd Party > Invoke SOAP WS > Save CRM_EXT_CALL_DATA | ISL-MM.CALL_CBS_API_CHECK_MAX.TA: <?xml version="1.0" encoding="UTF-8"?><soapenv:Envelope xmlns:soapenv="http://schemas.xmlsoap.org/soap/envelope/"> <soapenv:Header> <sch:authentication xmlns:sch="http://schema.concierge.com"> <sch:password>password</sch:password> <sch:user>user</sch:user> </sch:authentication> </soapenv:Header> <soapenv:Body> <sch:clientRequest xmlns:sch="http://schema.concierge.com"> <env:EaiEnvelope xmlns:env="http://schema.concierge.com/Envelope"> <env:ApplicationName>modules/ISL_MM</env:ApplicationName> <env:Domain>abl_portal</env:Domain> <env:Service>ISPService</env:Service> <env:ServiceId>3</env:ServiceId> <env:Language>En</env:Language> <env:UserId>externalapp</env:UserId> <env:Sender>externalapp</env:Sender> <env:MessageId>abl_portal</env:MessageId> <env:Payload> <isp:ISP xmlns:isp="http://schema.concierge.com/isp"> <isp:ISPRequest> <isp:OperationName>updateValidateDocumentsFlag</isp:OperationName> <isp:Request> <EVENT> <REQUEST API_CODE="51003" CLIENT_ID="modules/ISL_MM" EXTERNAL_APPLICATION="ISL" EXTERNAL_REFERENCE="" EXTERNAL_SYSTEMS_LOG_REFERNCE="" EXTERNAL_USER="ISL" INFO_LEVEL="3" OPERATION_NAME="ValidateDocumentsType" /> <REQUESTDETAILS ID_NUMBER="243-123-123-3" ID_TYPE="NIC" /> </EVENT> </isp:Request> </isp:ISPRequest> </isp:ISP> </env:Payload> </env:EaiEnvelope> </sch:clientRequest> </soapenv:Body></soapenv:Envelope>
2025-12-23 14:00:04,118|20|0|2fb3e386|Prepare SQL INSERT CRM_EXT_CALL_DATA|EGS|success|fd9de6ae|Save CRM_EXT_CALL_DATA|
2025-12-23 14:00:04,139|0|0|88a00fc8|Prepare CRM_EXT_CALL_DATA SQL|CJSONTSQL|sql|fd9de6ae|Save CRM_EXT_CALL_DATA|
2025-12-23 14:00:04,139|21|1|88a00fc8|Prepare CRM_EXT_CALL_DATA SQL|CJSONTSQL|original|fd9de6ae|Save CRM_EXT_CALL_DATA|
2025-12-23 14:00:04,172|33|18|11dbacef|Save request  CRM_EXT_CALL_DATA  |PSQL|success|fd9de6ae|Save CRM_EXT_CALL_DATA|
2025-12-23 14:00:04,331|16|245|156f4256|Call to Check Max API|IHTTP|Response|9e1ef887|Invoke SOAP WS|Filename: 9361e695-395c-4486-b43f-533f9437d41e | MTNA - EAI, MM, USSD & Utility > MM > MM MTNA > Check Max > Call to 3rd Party > Invoke SOAP WS | ISL-MM.CALL_CBS_API_CHECK_MAX.TA - 3P Status Code: 404 - Response: <html><head><title>Apache Tomcat/7.0.41 - Error report</title><style><!--H1 {font-family:Tahoma,Arial,sans-serif;color:white;background-color:#525D76;font-size:22px;} H2 {font-family:Tahoma,Arial,sans-serif;color:white;background-color:#525D76;font-size:16px;} H3 {font-family:Tahoma,Arial,sans-serif;color:white;background-color:#525D76;font-size:14px;} BODY {font-family:Tahoma,Arial,sans-serif;color:black;background-color:white;} B {font-family:Tahoma,Arial,sans-serif;color:white;background-color:#525D76;} P {font-family:Tahoma,Arial,sans-serif;background:white;color:black;font-size:12px;}A {color : black;}A.name {color : black;}HR {color : #525D76;}--></style> </head><body><h1>HTTP Status 404 - /mtna-ability/EaiEnvelopeSoapQSService</h1><HR size="1" noshade="noshade"><p><b>type</b> Status report</p><p><b>message</b> <u>/mtna-ability/EaiEnvelopeSoapQSService</u></p><p><b>description</b> <u>The requested resource is not available.</u></p><HR size="1" noshade="noshade"><h3>Apache Tomcat/7.0.41</h3></body></html>
2025-12-23 14:00:04,333|258|246|156f4256|Call to Check Max API|IHTTP|No Retry|9e1ef887|Invoke SOAP WS|Filename: 9361e695-395c-4486-b43f-533f9437d41e | MTNA - EAI, MM, USSD & Utility > MM > MM MTNA > Check Max > Call to 3rd Party > Invoke SOAP WS | ISL-MM.CALL_CBS_API_CHECK_MAX.TA - 3P Status Code: 404 - Response: <?xml version="1.0" encoding="UTF-8"?> <soapenv:Envelope xmlns:soapenv="http://schemas.xmlsoap.org/soap/envelope/"> <soapenv:Header> <sch:authentication xmlns:sch="http://schema.concierge.com"> <sch:password>password</sch:password> <sch:user>user</sch:user> </sch:authentication> </soapenv:Header> <soapenv:Body> <sch:clientRequest xmlns:sch="http://schema.concierge.com"> <env:EaiEnvelope xmlns:env="http://schema.concierge.com/Envelope"> <env:ApplicationName>modules/ISL_MM</env:ApplicationName> <env:Domain>abl_portal</env:Domain> <env:Service>ISPService</env:Service> <env:ServiceId>3</env:ServiceId> <env:Language>En</env:Language> <env:UserId>externalapp</env:UserId> <env:Sender>externalapp</env:Sender> <env:MessageId>abl_portal</env:MessageId> <env:Payload> <isp:ISP xmlns:isp="http://schema.concierge.com/isp"> <isp:ISPRequest> <isp:OperationName>updateValidateDocumentsFlag</isp:OperationName> <isp:Request> <EVENT> <REQUEST API_CODE="51003" CLIENT_ID="modules/ISL_MM" EXTERNAL_APPLICATION="ISL" EXTERNAL_REFERENCE="" EXTERNAL_SYSTEMS_LOG_REFERNCE="" EXTERNAL_USER="ISL" INFO_LEVEL="3" OPERATION_NAME="ValidateDocumentsType" /> <REQUESTDETAILS ID_NUMBER="243-123-123-3" ID_TYPE="NIC" /> </EVENT> </isp:Request> </isp:ISPRequest> </isp:ISP> </env:Payload> </env:EaiEnvelope> </sch:clientRequest> </soapenv:Body> </soapenv:Envelope>
2025-12-23 14:00:04,339|6|0|c90c9d9b|Set respCode and respDesc|UA|success|9e1ef887|Invoke SOAP WS|
2025-12-23 14:00:04,342|3|0|ab3ede27|Check Response Status Code|ROA|404|9e1ef887|Invoke SOAP WS|
2025-12-23 14:00:04,352|10|0|191df6ef|LogContent(Strip Large Content)|LC|success|fd9de6ae|Save CRM_EXT_CALL_DATA|Filename: 9361e695-395c-4486-b43f-533f9437d41e | MTNA - EAI, MM, USSD & Utility > MM > MM MTNA > Check Max > Call to 3rd Party > Invoke SOAP WS > Save CRM_EXT_CALL_DATA | ISL-MM.CALL_CBS_API_CHECK_MAX.TA: <html><head><title>Apache Tomcat/7.0.41 - Error report</title><style><!--H1 {font-family:Tahoma,Arial,sans-serif;color:white;background-color:#525D76;font-size:22px;} H2 {font-family:Tahoma,Arial,sans-serif;color:white;background-color:#525D76;font-size:16px;} H3 {font-family:Tahoma,Arial,sans-serif;color:white;background-color:#525D76;font-size:14px;} BODY {font-family:Tahoma,Arial,sans-serif;color:black;background-color:white;} B {font-family:Tahoma,Arial,sans-serif;color:white;background-color:#525D76;} P {font-family:Tahoma,Arial,sans-serif;background:white;color:black;font-size:12px;}A {color : black;}A.name {color : black;}HR {color : #525D76;}--></style> </head><body><h1>HTTP Status 404 - /mtna-ability/EaiEnvelopeSoapQSService</h1><HR size="1" noshade="noshade"><p><b>type</b> Status report</p><p><b>message</b> <u>/mtna-ability/EaiEnvelopeSoapQSService</u></p><p><b>description</b> <u>The requested resource is not available.</u></p><HR size="1" noshade="noshade"><h3>Apache Tomcat/7.0.41</h3></body></html>
2025-12-23 14:00:04,354|2|1|2fb3e386|Prepare SQL INSERT CRM_EXT_CALL_DATA|EGS|success|fd9de6ae|Save CRM_EXT_CALL_DATA|
2025-12-23 14:00:04,358|0|0|88a00fc8|Prepare CRM_EXT_CALL_DATA SQL|CJSONTSQL|sql|fd9de6ae|Save CRM_EXT_CALL_DATA|
2025-12-23 14:00:04,358|3|1|88a00fc8|Prepare CRM_EXT_CALL_DATA SQL|CJSONTSQL|original|fd9de6ae|Save CRM_EXT_CALL_DATA|
2025-12-23 14:00:04,404|16|0|20fcb12e|Handle Internal Error Resp|RT|success|9f187938|Prepare Response|
2025-12-23 14:00:04,424|2|0|df33b1e7|POJO or JSON ?|ROA|unmatched|86ae7e90|Handle Response|
2025-12-23 14:00:04,448|20|3|d0c269e5|Send Response to Core|PJMS|pre|fc960195|Check Max|Filename: 9361e695-395c-4486-b43f-533f9437d41e | MTNA - EAI, MM, USSD & Utility > MM > MM MTNA > Check Max | ISL-MM.CALL_CBS_API_CHECK_MAX.TA - Response sent :  'ISL-MM.CALL_CBS_API_CHECK_MAX.TA.RESP' :{ "id" : "5BD9C8B7EC9C4B029E0A8B3D571BC5BF", "name" : "ISL-MM.CALL_CBS_API_CHECK_MAX.TA", "resultCode" : "SUCCESS", "dataObject" : { "trxId" : "5BD9C8B7EC9C4B029E0A8B3D571BC5BF", "instanceId" : "0", "messageStatus": "Internal Error", "respCode": "500", "respDesc" : "trx failure" }, "datum" : null }
2025-12-23 14:00:04,849|491|484|11dbacef|Save request  CRM_EXT_CALL_DATA  |PSQL|success|fd9de6ae|Save CRM_EXT_CALL_DATA|
2025-12-23 14:00:04,951|1040|0|5673d983|Call MM|PJMS|success|e66d8b3d|Call External Check Max  API|Filename: 27ebb81d-e099-4de1-99c7-7b237352ddfd | MTNA - Core Operations & Management > Checks and Validate > Check Max > Call External Check Max  API | ISL-CORE.CHECK_MAX_V5_REQ.TA - Response from : 'ISL-MM.CALL_CBS_API_CHECK_MAX.TA':
2025-12-23 14:00:04,964|13|0|5e45ccce|Extract Response Data|EJP|matched|e66d8b3d|Call External Check Max  API|
2025-12-23 14:00:04,986|4|0|3729816b|Set Mapping Name and ExtCode|UA|success|219df021|Call Result Code Mapping|
2025-12-23 14:00:04,992|6|0|5042f139|Prepare Result Code Mapping Request|RT|success|219df021|Call Result Code Mapping|
2025-12-23 14:00:05,013|8|0|d14f1ebf|Extract attributes|EJP|matched|a0509bb2|Result Code Mapping|
2025-12-23 14:00:05,021|16|0|4796bc1a|Log Request|LC|success|a0509bb2|Result Code Mapping|Filename: 27ebb81d-e099-4de1-99c7-7b237352ddfd | MTNA - Core Operations & Management > Checks and Validate > Check Max > Call External Check Max  API > Call Result Code Mapping > Result Code Mapping | ISL-CORE.CHECK_MAX_V5_REQ.TA:
2025-12-23 14:00:05,036|6|0|5667da20|Prepare SQL to fetch ISL Code|UA|success|dc23a8a0|Fetch ISL Code|
2025-12-23 14:00:05,039|3|0|723f88a3|Fetch ISL Code|ESQLR|pre|dc23a8a0|Fetch ISL Code|
2025-12-23 14:00:05,040|4|1|723f88a3|Fetch ISL Code|ESQLR|success|dc23a8a0|Fetch ISL Code|
2025-12-23 14:00:05,098|27|0|09603dfd|Fetch message|ESQLR|pre|a0509bb2|Result Code Mapping|
2025-12-23 14:00:05,101|30|2|09603dfd|Fetch message|ESQLR|success|a0509bb2|Result Code Mapping|
2025-12-23 14:00:05,121|20|0|0ff83a67|Set Mapping Response|RT|success|a0509bb2|Result Code Mapping|
2025-12-23 14:00:05,122|1|0|28972613|Log Response|LC|success|a0509bb2|Result Code Mapping|Filename: 27ebb81d-e099-4de1-99c7-7b237352ddfd | MTNA - Core Operations & Management > Checks and Validate > Check Max > Call External Check Max  API > Call Result Code Mapping > Result Code Mapping | ISL-CORE.CHECK_MAX_V5_REQ.TA:
2025-12-23 14:00:05,149|1|0|9d1986c5|Extract Response Data|EJP|matched|219df021|Call Result Code Mapping|
2025-12-23 14:00:05,178|28|0|558a26ee|Mapping not found?|ROA|unmatched|219df021|Call Result Code Mapping|
2025-12-23 14:00:05,206|28|0|1f956cf2|RespCode is 200?|ROA|unmatched|219df021|Call Result Code Mapping|
2025-12-23 14:00:05,216|10|0|aa3b835a|Check If from Update Reg|ROA|Not From Update Reg|219df021|Call Result Code Mapping|
2025-12-23 14:00:05,220|4|0|e9aec35f|FetchEmail|ESQLR|pre|219df021|Call Result Code Mapping|
2025-12-23 14:00:05,222|6|2|e9aec35f|FetchEmail|ESQLR|success|219df021|Call Result Code Mapping|
2025-12-23 14:00:05,253|30|0|7f455a40|Get Email|UA|success|219df021|Call Result Code Mapping|
2025-12-23 14:00:05,268|15|0|b7905b25|FetchTrxType|ESQLR|pre|219df021|Call Result Code Mapping|
2025-12-23 14:00:05,270|17|1|b7905b25|FetchTrxType|ESQLR|success|219df021|Call Result Code Mapping|
2025-12-23 14:00:05,279|9|0|dbf336b9|Get trxType|UA|success|219df021|Call Result Code Mapping|
2025-12-23 14:00:05,334|55|46|479b57a8|Save failed data to DB|PSQL|success|219df021|Call Result Code Mapping|
2025-12-23 14:00:05,375|3|0|f9a49202|Set Success Response Attributes|UA|success|999ac936|Prepare Reponse|
2025-12-23 14:00:05,403|17|0|542ca643|Fetch Custom Message|ESQLR|pre|f85b097a|Fetch Custom Message|
2025-12-23 14:00:05,408|0|5|542ca643|Fetch Custom Message|ESQLR|success|f85b097a|Fetch Custom Message|
2025-12-23 14:00:05,418|32|0|6acbbea7|Check Max Over max ?|ROA|unmatched|f85b097a|Fetch Custom Message|
2025-12-23 14:00:05,428|19|0|07315c69|Build Custom Message|EGS|success|f85b097a|Fetch Custom Message|
2025-12-23 14:00:05,458|0|0|2f3365c3|Prepare JSON Response|RT|success|999ac936|Prepare Reponse|
2025-12-23 14:00:05,472|10|0|b495ca9e|POJO or JSON?|ROA|POJO|5bd96035|Convert Response|
2025-12-23 14:00:05,477|5|0|9fbdba19|RespMsg JSON to POJO|JTP|success|5bd96035|Convert Response|
2025-12-23 14:00:05,500|22|6|c307f41a|Publish Check Max Response|PJMS|pre|77eab0c0|Check Max|Filename: 27ebb81d-e099-4de1-99c7-7b237352ddfd | MTNA - Core Operations & Management > Checks and Validate > Check Max | ISL-CORE.CHECK_MAX_V5_REQ.TA - Response sent :  'ISL-CORE.CHECK_MAX_V5_REQ.TA.RESP' :RespMsg{id=5BD9C8B7EC9C4B029E0A8B3D571BC5BF, name=CHECK_MAX_REG_REQ, resultCode=ResultCode{code=200, desc=Success}, dataObject=String%5B57%5D,instanceId=11000101,idCompany=1,respCode=401,respDesc=trx failure,customMessage=ResponseMessage %5Bid=401, messages={AR=trx failure, EN=trx failure, KU=trx failure}%5D,createdDateTime=Tue Dec 23 14:00:05 ICT 2025%5D, datum=null}
